<?xml version="1.0" encoding="utf-8"?><testsuites name="pytest tests"><testsuite name="pytest" errors="0" failures="0" skipped="0" tests="42" time="3.330" timestamp="2026-05-20T15:30:38.545368-03:00" hostname="g94"><properties>
[...]
</properties><testcase classname="tests.test_cli" name="test_version_flag" time="0.022" /><testcase classname="tests.test_cli" name="test_no_args_shows_help" time="0.065" /><testcase classname="tests.test_cli" name="test_time_help" time="0.009" /><testcase classname="tests.test_cli" name="test_light_help" time="0.017" /><testcase classname="tests.test_cli" name="test_sleep_help" time="0.011" /><testcase classname="tests.test_cli" name="test_info_no_device" time="0.010" /><testcase classname="tests.test_cli" name="test_light_invalid_mode" time="0.014" /><testcase classname="tests.test_cli" name="test_light_invalid_color" time="0.007" /><testcase classname="tests.test_cli" name="test_sleep_invalid_timeout" time="0.011" /><testcase classname="tests.test_cli" name="test_time_invalid_format" time="0.013" /><testcase classname="tests.test_commands" name="test_light_modes_complete" time="0.001" /><testcase classname="tests.test_commands" name="test_directions" time="0.000" /><testcase classname="tests.test_commands" name="test_sleep_values" time="0.000" /><testcase classname="tests.test_commands" name="test_sync_time_packet_structure" time="0.149" /><testcase classname="tests.test_commands" name="test_sync_time_closes_device_when_created" time="0.143" /><testcase classname="tests.test_commands" name="test_reverse_lookup_tables" time="0.000" /><testcase classname="tests.test_commands" name="test_get_device_info_parses_response" time="0.111" /><testcase classname="tests.test_commands" name="test_get_device_info_opens_and_closes_device" time="0.107" /><testcase classname="tests.test_commands" name="test_get_device_info_no_data" time="0.072" /><testcase classname="tests.test_commands" name="test_get_firmware_version_delegates" time="0.107" /><testcase classname="tests.test_commands" name="test_read_lighting_parses_response" time="0.109" /><testcase classname="tests.test_commands" name="test_read_lighting_unknown_mode" time="0.107" /><testcase classname="tests.test_commands" name="test_read_lighting_no_data" time="0.072" /><testcase classname="tests.test_dump_restore" name="test_dump_settings" time="0.214" /><testcase classname="tests.test_dump_restore" name="test_save_and_load_roundtrip" time="0.003" /><testcase classname="tests.test_dump_restore" name="test_save_produces_valid_json" time="0.001" /><testcase classname="tests.test_dump_restore" name="test_restore_applies_lighting" time="0.146" /><testcase classname="tests.test_dump_restore" name="test_restore_syncs_time" time="0.283" /><testcase classname="tests.test_dump_restore" name="test_restore_skip_time" time="0.142" /><testcase classname="tests.test_dump_restore" name="test_restore_closes_device_when_created" time="0.143" /><testcase classname="tests.test_dump_restore" name="test_model_defaults" time="0.001" /><testcase classname="tests.test_hid" name="test_make_packet_default_size" time="0.001" /><testcase classname="tests.test_hid" name="test_make_packet_custom_size" time="0.000" /><testcase classname="tests.test_hid" name="test_make_packet_multiple_bytes" time="0.000" /><testcase classname="tests.test_hid" name="test_report_id_constant" time="0.000" /><testcase classname="tests.test_hid" name="test_packet_size_constant" time="0.000" /><testcase classname="tests.test_protocol_properties" name="test_make_packet_always_correct_size" time="0.130" /><testcase classname="tests.test_protocol_properties" name="test_make_packet_preserves_input_bytes" time="0.136" /><testcase classname="tests.test_protocol_properties" name="test_make_packet_pads_with_zeros" time="0.116" /><testcase classname="tests.test_protocol_properties" name="test_make_packet_custom_size" time="0.054" /><testcase classname="tests.test_protocol_properties" name="test_time_data_packet_structure" time="0.114" /><testcase classname="tests.test_protocol_properties" name="test_lighting_data_packet_structure" time="0.144" /></testsuite></testsuites>
